0 info it worked if it ends with ok
1 verbose cli [ '/home/reflex/.nvm/versions/node/v6.11.0/bin/node',
1 verbose cli   '/home/reflex/.nvm/versions/node/v6.11.0/bin/npm',
1 verbose cli   'start' ]
2 info using npm@3.10.10
3 info using node@v6.11.0
4 verbose run-script [ 'prestart', 'start', 'poststart' ]
5 info lifecycle webpack-react@0.1.0~prestart: webpack-react@0.1.0
6 silly lifecycle webpack-react@0.1.0~prestart: no script for prestart, continuing
7 info lifecycle webpack-react@0.1.0~start: webpack-react@0.1.0
8 verbose lifecycle webpack-react@0.1.0~start: unsafe-perm in lifecycle true
9 verbose lifecycle webpack-react@0.1.0~start: PATH: /home/reflex/.nvm/versions/node/v6.11.0/lib/node_modules/npm/bin/node-gyp-bin:/home/reflex/vol1/path/REACT-APPS/webpack-react/node_modules/.bin:/home/reflex/.nvm/versions/node/v6.11.0/bin:/home/reflex/bin:/home/reflex/.local/bin:/usr/local/sbin:/usr/local/bin:/usr/sbin:/usr/bin:/sbin:/bin:/usr/games:/usr/local/games:/snap/bin
10 verbose lifecycle webpack-react@0.1.0~start: CWD: /home/reflex/vol1/path/REACT-APPS/webpack-react
11 silly lifecycle webpack-react@0.1.0~start: Args: [ '-c', 'npm run build' ]
12 silly lifecycle webpack-react@0.1.0~start: Returned: code: 1  signal: null
13 info lifecycle webpack-react@0.1.0~start: Failed to exec start script
14 verbose stack Error: webpack-react@0.1.0 start: `npm run build`
14 verbose stack Exit status 1
14 verbose stack     at EventEmitter.<anonymous> (/home/reflex/.nvm/versions/node/v6.11.0/lib/node_modules/npm/lib/utils/lifecycle.js:255:16)
14 verbose stack     at emitTwo (events.js:106:13)
14 verbose stack     at EventEmitter.emit (events.js:191:7)
14 verbose stack     at ChildProcess.<anonymous> (/home/reflex/.nvm/versions/node/v6.11.0/lib/node_modules/npm/lib/utils/spawn.js:40:14)
14 verbose stack     at emitTwo (events.js:106:13)
14 verbose stack     at ChildProcess.emit (events.js:191:7)
14 verbose stack     at maybeClose (internal/child_process.js:891:16)
14 verbose stack     at Process.ChildProcess._handle.onexit (internal/child_process.js:226:5)
15 verbose pkgid webpack-react@0.1.0
16 verbose cwd /home/reflex/vol1/path/REACT-APPS/webpack-react
17 error Linux 4.10.0-32-generic
18 error argv "/home/reflex/.nvm/versions/node/v6.11.0/bin/node" "/home/reflex/.nvm/versions/node/v6.11.0/bin/npm" "start"
19 error node v6.11.0
20 error npm  v3.10.10
21 error code ELIFECYCLE
22 error webpack-react@0.1.0 start: `npm run build`
22 error Exit status 1
23 error Failed at the webpack-react@0.1.0 start script 'npm run build'.
23 error Make sure you have the latest version of node.js and npm installed.
23 error If you do, this is most likely a problem with the webpack-react package,
23 error not with npm itself.
23 error Tell the author that this fails on your system:
23 error     npm run build
23 error You can get information on how to open an issue for this project with:
23 error     npm bugs webpack-react
23 error Or if that isn't available, you can get their info via:
23 error     npm owner ls webpack-react
23 error There is likely additional logging output above.
24 verbose exit [ 1, true ]
